{"contracts/lib/Bn128.sol":{"l":{"8":0,"12":0,"21":0,"22":0,"23":0,"24":0,"25":0,"26":0,"28":0,"34":0,"35":0,"43":0,"44":0,"45":0,"46":0,"47":0,"49":0,"55":0,"56":0},"path":"/Users/molin/workspace/two-way-bridge/quota-manager/contracts/lib/Bn128.sol","s":{"1":0,"2":0,"3":0,"4":0,"5":0,"6":0,"7":0,"8":0,"9":0,"10":0,"11":0,"12":0,"13":0,"14":0,"15":0,"16":0,"17":0},"b":{},"f":{"1":0,"2":0,"3":0,"4":0},"fnMap":{"1":{"name":"getGx","line":7,"loc":{"start":{"line":7,"column":4},"end":{"line":7,"column":50}}},"2":{"name":"getGy","line":11,"loc":{"start":{"line":11,"column":4},"end":{"line":11,"column":50}}},"3":{"name":"ecadd","line":15,"loc":{"start":{"line":15,"column":4},"end":{"line":20,"column":54}}},"4":{"name":"ecmul","line":38,"loc":{"start":{"line":38,"column":4},"end":{"line":42,"column":52}}}},"statementMap":{"1":{"start":{"line":8,"column":8},"end":{"line":8,"column":17}},"2":{"start":{"line":12,"column":8},"end":{"line":12,"column":17}},"3":{"start":{"line":21,"column":8},"end":{"line":21,"column":34}},"4":{"start":{"line":22,"column":8},"end":{"line":22,"column":31}},"5":{"start":{"line":23,"column":8},"end":{"line":23,"column":20}},"6":{"start":{"line":24,"column":8},"end":{"line":24,"column":20}},"7":{"start":{"line":25,"column":8},"end":{"line":25,"column":20}},"8":{"start":{"line":26,"column":8},"end":{"line":26,"column":20}},"9":{"start":{"line":34,"column":8},"end":{"line":34,"column":23}},"10":{"start":{"line":35,"column":8},"end":{"line":35,"column":23}},"11":{"start":{"line":43,"column":8},"end":{"line":43,"column":34}},"12":{"start":{"line":44,"column":8},"end":{"line":44,"column":31}},"13":{"start":{"line":45,"column":8},"end":{"line":45,"column":20}},"14":{"start":{"line":46,"column":8},"end":{"line":46,"column":20}},"15":{"start":{"line":47,"column":8},"end":{"line":47,"column":24}},"16":{"start":{"line":55,"column":8},"end":{"line":55,"column":23}},"17":{"start":{"line":56,"column":8},"end":{"line":56,"column":23}}},"branchMap":{}},"contracts/lib/Bn128SchnorrVerifier.sol":{"l":{"25":0,"30":0,"34":0,"39":0,"47":0,"48":0,"50":0,"51":0,"52":0,"53":0,"54":0,"55":0,"57":0,"59":0,"60":0,"61":0,"62":0,"64":0,"66":0},"path":"/Users/molin/workspace/two-way-bridge/quota-manager/contracts/lib/Bn128SchnorrVerifier.sol","s":{"1":0,"2":0,"3":0,"4":0,"5":0,"6":0,"7":0,"8":0,"9":0,"10":0,"11":0,"12":0,"13":0,"14":0,"15":0,"16":0,"17":0,"18":0,"19":0},"b":{},"f":{"1":0,"2":0,"3":0,"4":0,"5":0},"fnMap":{"1":{"name":"h","line":24,"loc":{"start":{"line":24,"column":4},"end":{"line":24,"column":75}}},"2":{"name":"cmul","line":29,"loc":{"start":{"line":29,"column":4},"end":{"line":29,"column":92}}},"3":{"name":"sg","line":33,"loc":{"start":{"line":33,"column":4},"end":{"line":33,"column":67}}},"4":{"name":"cadd","line":38,"loc":{"start":{"line":38,"column":4},"end":{"line":38,"column":102}}},"5":{"name":"verify","line":42,"loc":{"start":{"line":42,"column":4},"end":{"line":46,"column":5}}}},"statementMap":{"1":{"start":{"line":25,"column":8},"end":{"line":25,"column":70}},"2":{"start":{"line":30,"column":8},"end":{"line":30,"column":40}},"3":{"start":{"line":34,"column":8},"end":{"line":34,"column":63}},"4":{"start":{"line":39,"column":8},"end":{"line":39,"column":42}},"5":{"start":{"line":47,"column":8},"end":{"line":47,"column":25}},"6":{"start":{"line":48,"column":8},"end":{"line":48,"column":33}},"7":{"start":{"line":50,"column":8},"end":{"line":50,"column":43}},"8":{"start":{"line":51,"column":8},"end":{"line":51,"column":44}},"9":{"start":{"line":52,"column":8},"end":{"line":52,"column":44}},"10":{"start":{"line":53,"column":8},"end":{"line":53,"column":50}},"11":{"start":{"line":54,"column":8},"end":{"line":54,"column":50}},"12":{"start":{"line":55,"column":8},"end":{"line":55,"column":30}},"13":{"start":{"line":57,"column":8},"end":{"line":57,"column":79}},"14":{"start":{"line":59,"column":8},"end":{"line":59,"column":59}},"15":{"start":{"line":60,"column":8},"end":{"line":60,"column":30}},"16":{"start":{"line":61,"column":8},"end":{"line":61,"column":89}},"17":{"start":{"line":62,"column":8},"end":{"line":62,"column":114}},"18":{"start":{"line":64,"column":8},"end":{"line":64,"column":80}},"19":{"start":{"line":66,"column":8},"end":{"line":66,"column":19}}},"branchMap":{}},"contracts/quota/QuotaDelegate.sol":{"l":{"66":3,"67":3,"68":3,"69":3,"70":3,"71":3,"83":6,"84":6,"87":6,"88":6,"89":3,"90":3,"91":3,"95":6,"101":6,"103":6,"115":1,"116":1,"118":1,"120":1,"132":4,"133":4,"135":4,"136":4,"138":4,"150":4,"151":4,"153":4,"155":4,"157":4,"169":1,"170":1,"172":1,"174":1,"186":3,"187":3,"189":3,"190":3,"192":3,"207":2,"208":2,"216":2,"217":2,"218":2,"223":2,"224":2,"226":2,"240":1,"241":1,"244":1,"247":1,"248":1,"250":1,"251":1,"253":1,"267":1,"268":1,"270":1,"273":1,"274":1,"276":1,"287":29,"288":29,"289":29,"291":29,"292":29,"293":1,"294":1,"297":28,"298":28,"299":28,"300":28,"301":22,"302":22,"303":22,"304":22,"305":22,"306":22,"309":28,"310":1,"311":1,"314":27,"315":27,"316":27,"317":1,"318":1,"321":26,"332":1,"333":1,"343":35,"344":35,"352":49,"353":49,"357":77,"358":77},"path":"/Users/molin/workspace/two-way-bridge/quota-manager/contracts/quota/QuotaDelegate.sol","s":{"1":3,"2":3,"3":3,"4":3,"5":3,"6":3,"7":6,"8":6,"9":6,"10":6,"11":3,"12":3,"13":3,"14":6,"15":6,"16":6,"17":1,"18":1,"19":1,"20":1,"21":4,"22":4,"23":4,"24":4,"25":4,"26":4,"27":4,"28":4,"29":4,"30":4,"31":1,"32":1,"33":1,"34":1,"35":3,"36":3,"37":3,"38":3,"39":3,"40":2,"41":2,"42":2,"43":2,"44":2,"45":2,"46":2,"47":2,"48":1,"49":1,"50":1,"51":1,"52":1,"53":1,"54":1,"55":1,"56":1,"57":1,"58":1,"59":1,"60":1,"61":1,"62":29,"63":29,"64":29,"65":29,"66":29,"67":1,"68":1,"69":28,"70":28,"71":28,"72":28,"73":22,"74":22,"75":22,"76":22,"77":22,"78":22,"79":28,"80":1,"81":1,"82":27,"83":27,"84":27,"85":1,"86":1,"87":26,"88":1,"89":1,"90":35,"91":35,"92":49,"93":49,"94":77,"95":77},"b":{"1":[3,3],"2":[6,0],"3":[1,0],"4":[4,0],"5":[4,0],"6":[4,0],"7":[1,0],"8":[3,0],"9":[2,0],"10":[2,0],"11":[1,0],"12":[1,0],"13":[1,28],"14":[1,27],"15":[1,26]},"f":{"1":3,"2":6,"3":1,"4":4,"5":4,"6":1,"7":3,"8":2,"9":1,"10":1,"11":29,"12":1,"13":35,"14":49,"15":77},"fnMap":{"1":{"name":"config","line":58,"loc":{"start":{"line":58,"column":4},"end":{"line":65,"column":16}}},"2":{"name":"mintLock","line":82,"loc":{"start":{"line":82,"column":22},"end":{"line":82,"column":3}}},"3":{"name":"mintRevoke","line":114,"loc":{"start":{"line":114,"column":22},"end":{"line":114,"column":3}}},"4":{"name":"mintRedeem","line":131,"loc":{"start":{"line":131,"column":22},"end":{"line":131,"column":3}}},"5":{"name":"burnLock","line":149,"loc":{"start":{"line":149,"column":22},"end":{"line":149,"column":3}}},"6":{"name":"burnRevoke","line":168,"loc":{"start":{"line":168,"column":22},"end":{"line":168,"column":3}}},"7":{"name":"burnRedeem","line":185,"loc":{"start":{"line":185,"column":22},"end":{"line":185,"column":3}}},"8":{"name":"debtLock","line":205,"loc":{"start":{"line":205,"column":22},"end":{"line":205,"column":3}}},"9":{"name":"debtRedeem","line":239,"loc":{"start":{"line":239,"column":22},"end":{"line":239,"column":3}}},"10":{"name":"debtRevoke","line":266,"loc":{"start":{"line":266,"column":22},"end":{"line":266,"column":3}}},"11":{"name":"getMintQuota","line":282,"loc":{"start":{"line":282,"column":4},"end":{"line":286,"column":5}}},"12":{"name":"getBurnQuota","line":327,"loc":{"start":{"line":327,"column":4},"end":{"line":331,"column":5}}},"13":{"name":"getDepositAmount","line":338,"loc":{"start":{"line":338,"column":4},"end":{"line":342,"column":5}}},"14":{"name":"getTokenAncestorInfo","line":347,"loc":{"start":{"line":347,"column":4},"end":{"line":351,"column":5}}},"15":{"name":"getPrice","line":356,"loc":{"start":{"line":356,"column":4},"end":{"line":356,"column":70}}}},"statementMap":{"1":{"start":{"line":66,"column":8},"end":{"line":66,"column":44}},"2":{"start":{"line":67,"column":8},"end":{"line":67,"column":30}},"3":{"start":{"line":68,"column":8},"end":{"line":68,"column":48}},"4":{"start":{"line":69,"column":8},"end":{"line":69,"column":33}},"5":{"start":{"line":70,"column":8},"end":{"line":70,"column":47}},"6":{"start":{"line":71,"column":8},"end":{"line":71,"column":49}},"7":{"start":{"line":83,"column":8},"end":{"line":83,"column":59}},"8":{"start":{"line":84,"column":8},"end":{"line":84,"column":66}},"9":{"start":{"line":87,"column":8},"end":{"line":87,"column":64}},"10":{"start":{"line":88,"column":8},"end":{"line":88,"column":3163}},"11":{"start":{"line":89,"column":12},"end":{"line":89,"column":31}},"12":{"start":{"line":90,"column":12},"end":{"line":90,"column":95}},"13":{"start":{"line":91,"column":12},"end":{"line":91,"column":3343}},"14":{"start":{"line":95,"column":8},"end":{"line":95,"column":3453}},"15":{"start":{"line":101,"column":8},"end":{"line":101,"column":55}},"16":{"start":{"line":103,"column":8},"end":{"line":103,"column":101}},"17":{"start":{"line":115,"column":8},"end":{"line":115,"column":64}},"18":{"start":{"line":116,"column":8},"end":{"line":116,"column":52}},"19":{"start":{"line":118,"column":8},"end":{"line":118,"column":55}},"20":{"start":{"line":120,"column":8},"end":{"line":120,"column":103}},"21":{"start":{"line":132,"column":8},"end":{"line":132,"column":64}},"22":{"start":{"line":133,"column":8},"end":{"line":133,"column":52}},"23":{"start":{"line":135,"column":8},"end":{"line":135,"column":55}},"24":{"start":{"line":136,"column":8},"end":{"line":136,"column":43}},"25":{"start":{"line":138,"column":8},"end":{"line":138,"column":103}},"26":{"start":{"line":150,"column":8},"end":{"line":150,"column":64}},"27":{"start":{"line":151,"column":8},"end":{"line":151,"column":52}},"28":{"start":{"line":153,"column":8},"end":{"line":153,"column":76}},"29":{"start":{"line":155,"column":8},"end":{"line":155,"column":49}},"30":{"start":{"line":157,"column":8},"end":{"line":157,"column":101}},"31":{"start":{"line":169,"column":8},"end":{"line":169,"column":64}},"32":{"start":{"line":170,"column":8},"end":{"line":170,"column":52}},"33":{"start":{"line":172,"column":8},"end":{"line":172,"column":49}},"34":{"start":{"line":174,"column":8},"end":{"line":174,"column":103}},"35":{"start":{"line":186,"column":8},"end":{"line":186,"column":64}},"36":{"start":{"line":187,"column":8},"end":{"line":187,"column":52}},"37":{"start":{"line":189,"column":8},"end":{"line":189,"column":43}},"38":{"start":{"line":190,"column":8},"end":{"line":190,"column":49}},"39":{"start":{"line":192,"column":8},"end":{"line":192,"column":103}},"40":{"start":{"line":207,"column":8},"end":{"line":207,"column":65}},"41":{"start":{"line":208,"column":8},"end":{"line":208,"column":8571}},"42":{"start":{"line":216,"column":8},"end":{"line":216,"column":65}},"43":{"start":{"line":217,"column":8},"end":{"line":217,"column":72}},"44":{"start":{"line":218,"column":8},"end":{"line":218,"column":8948}},"45":{"start":{"line":223,"column":8},"end":{"line":223,"column":51}},"46":{"start":{"line":224,"column":8},"end":{"line":224,"column":45}},"47":{"start":{"line":226,"column":8},"end":{"line":226,"column":89}},"48":{"start":{"line":240,"column":8},"end":{"line":240,"column":65}},"49":{"start":{"line":241,"column":8},"end":{"line":241,"column":65}},"50":{"start":{"line":244,"column":8},"end":{"line":244,"column":57}},"51":{"start":{"line":247,"column":8},"end":{"line":247,"column":51}},"52":{"start":{"line":248,"column":8},"end":{"line":248,"column":39}},"53":{"start":{"line":250,"column":8},"end":{"line":250,"column":45}},"54":{"start":{"line":251,"column":8},"end":{"line":251,"column":39}},"55":{"start":{"line":253,"column":8},"end":{"line":253,"column":91}},"56":{"start":{"line":267,"column":8},"end":{"line":267,"column":65}},"57":{"start":{"line":268,"column":8},"end":{"line":268,"column":65}},"58":{"start":{"line":270,"column":8},"end":{"line":270,"column":57}},"59":{"start":{"line":273,"column":8},"end":{"line":273,"column":51}},"60":{"start":{"line":274,"column":8},"end":{"line":274,"column":45}},"61":{"start":{"line":276,"column":8},"end":{"line":276,"column":91}},"62":{"start":{"line":287,"column":8},"end":{"line":287,"column":27}},"63":{"start":{"line":288,"column":8},"end":{"line":288,"column":21}},"64":{"start":{"line":289,"column":8},"end":{"line":289,"column":26}},"65":{"start":{"line":291,"column":8},"end":{"line":291,"column":59}},"66":{"start":{"line":292,"column":8},"end":{"line":292,"column":12156}},"67":{"start":{"line":293,"column":12},"end":{"line":293,"column":24}},"68":{"start":{"line":294,"column":12},"end":{"line":294,"column":18}},"69":{"start":{"line":297,"column":8},"end":{"line":297,"column":99}},"70":{"start":{"line":298,"column":8},"end":{"line":298,"column":39}},"71":{"start":{"line":299,"column":8},"end":{"line":299,"column":67}},"72":{"start":{"line":300,"column":8},"end":{"line":300,"column":12468}},"73":{"start":{"line":301,"column":12},"end":{"line":301,"column":62}},"74":{"start":{"line":302,"column":12},"end":{"line":302,"column":56}},"75":{"start":{"line":303,"column":12},"end":{"line":303,"column":40}},"76":{"start":{"line":304,"column":12},"end":{"line":304,"column":59}},"77":{"start":{"line":305,"column":12},"end":{"line":305,"column":106}},"78":{"start":{"line":306,"column":12},"end":{"line":306,"column":68}},"79":{"start":{"line":309,"column":8},"end":{"line":309,"column":12969}},"80":{"start":{"line":310,"column":12},"end":{"line":310,"column":24}},"81":{"start":{"line":311,"column":12},"end":{"line":311,"column":18}},"82":{"start":{"line":314,"column":8},"end":{"line":314,"column":57}},"83":{"start":{"line":315,"column":8},"end":{"line":315,"column":36}},"84":{"start":{"line":316,"column":8},"end":{"line":316,"column":13177}},"85":{"start":{"line":317,"column":12},"end":{"line":317,"column":24}},"86":{"start":{"line":318,"column":12},"end":{"line":318,"column":18}},"87":{"start":{"line":321,"column":8},"end":{"line":321,"column":103}},"88":{"start":{"line":332,"column":8},"end":{"line":332,"column":64}},"89":{"start":{"line":333,"column":8},"end":{"line":333,"column":50}},"90":{"start":{"line":343,"column":8},"end":{"line":343,"column":68}},"91":{"start":{"line":344,"column":8},"end":{"line":344,"column":57}},"92":{"start":{"line":352,"column":8},"end":{"line":352,"column":71}},"93":{"start":{"line":353,"column":8},"end":{"line":353,"column":74}},"94":{"start":{"line":357,"column":8},"end":{"line":357,"column":62}},"95":{"start":{"line":358,"column":8},"end":{"line":358,"column":38}}},"branchMap":{"1":{"line":88,"type":"if","locations":[{"start":{"line":88,"column":8},"end":{"line":88,"column":8}},{"start":{"line":88,"column":8},"end":{"line":88,"column":8}}]},"2":{"line":95,"type":"if","locations":[{"start":{"line":95,"column":8},"end":{"line":95,"column":8}},{"start":{"line":95,"column":8},"end":{"line":95,"column":8}}]},"3":{"line":116,"type":"if","locations":[{"start":{"line":116,"column":8},"end":{"line":116,"column":8}},{"start":{"line":116,"column":8},"end":{"line":116,"column":8}}]},"4":{"line":133,"type":"if","locations":[{"start":{"line":133,"column":8},"end":{"line":133,"column":8}},{"start":{"line":133,"column":8},"end":{"line":133,"column":8}}]},"5":{"line":151,"type":"if","locations":[{"start":{"line":151,"column":8},"end":{"line":151,"column":8}},{"start":{"line":151,"column":8},"end":{"line":151,"column":8}}]},"6":{"line":153,"type":"if","locations":[{"start":{"line":153,"column":8},"end":{"line":153,"column":8}},{"start":{"line":153,"column":8},"end":{"line":153,"column":8}}]},"7":{"line":170,"type":"if","locations":[{"start":{"line":170,"column":8},"end":{"line":170,"column":8}},{"start":{"line":170,"column":8},"end":{"line":170,"column":8}}]},"8":{"line":187,"type":"if","locations":[{"start":{"line":187,"column":8},"end":{"line":187,"column":8}},{"start":{"line":187,"column":8},"end":{"line":187,"column":8}}]},"9":{"line":208,"type":"if","locations":[{"start":{"line":208,"column":8},"end":{"line":208,"column":8}},{"start":{"line":208,"column":8},"end":{"line":208,"column":8}}]},"10":{"line":218,"type":"if","locations":[{"start":{"line":218,"column":8},"end":{"line":218,"column":8}},{"start":{"line":218,"column":8},"end":{"line":218,"column":8}}]},"11":{"line":244,"type":"if","locations":[{"start":{"line":244,"column":8},"end":{"line":244,"column":8}},{"start":{"line":244,"column":8},"end":{"line":244,"column":8}}]},"12":{"line":270,"type":"if","locations":[{"start":{"line":270,"column":8},"end":{"line":270,"column":8}},{"start":{"line":270,"column":8},"end":{"line":270,"column":8}}]},"13":{"line":292,"type":"if","locations":[{"start":{"line":292,"column":8},"end":{"line":292,"column":8}},{"start":{"line":292,"column":8},"end":{"line":292,"column":8}}]},"14":{"line":309,"type":"if","locations":[{"start":{"line":309,"column":8},"end":{"line":309,"column":8}},{"start":{"line":309,"column":8},"end":{"line":309,"column":8}}]},"15":{"line":316,"type":"if","locations":[{"start":{"line":316,"column":8},"end":{"line":316,"column":8}},{"start":{"line":316,"column":8},"end":{"line":316,"column":8}}]}}},"contracts/quota/QuotaProxy.sol":{"l":{"41":3,"42":3,"46":3,"47":3},"path":"/Users/molin/workspace/two-way-bridge/quota-manager/contracts/quota/QuotaProxy.sol","s":{"1":3,"2":3,"3":3,"4":3},"b":{"1":[3,0],"2":[3,0]},"f":{"1":3},"fnMap":{"1":{"name":"upgradeTo","line":40,"loc":{"start":{"line":40,"column":52},"end":{"line":40,"column":3}}}},"statementMap":{"1":{"start":{"line":41,"column":8},"end":{"line":41,"column":71}},"2":{"start":{"line":42,"column":8},"end":{"line":42,"column":1436}},"3":{"start":{"line":46,"column":8},"end":{"line":46,"column":29}},"4":{"start":{"line":47,"column":8},"end":{"line":47,"column":27}}},"branchMap":{"1":{"line":41,"type":"if","locations":[{"start":{"line":41,"column":8},"end":{"line":41,"column":8}},{"start":{"line":41,"column":8},"end":{"line":41,"column":8}}]},"2":{"line":42,"type":"if","locations":[{"start":{"line":42,"column":8},"end":{"line":42,"column":8}},{"start":{"line":42,"column":8},"end":{"line":42,"column":8}}]}}},"contracts/quota/QuotaStorage.sol":{"l":{"109":23,"110":23},"path":"/Users/molin/workspace/two-way-bridge/quota-manager/contracts/quota/QuotaStorage.sol","s":{"1":23},"b":{"1":[23,0]},"f":{"1":23},"fnMap":{"1":{"name":"onlyHtlc","line":108,"loc":{"start":{"line":108,"column":4},"end":{"line":108,"column":21}}}},"statementMap":{"1":{"start":{"line":109,"column":8},"end":{"line":109,"column":62}}},"branchMap":{"1":{"line":109,"type":"if","locations":[{"start":{"line":109,"column":8},"end":{"line":109,"column":8}},{"start":{"line":109,"column":8},"end":{"line":109,"column":8}}]}}}}